           1           3
   1 r001          156720.0  442000.0       4.0  -999.0000 -999  -999.0  -999.0  -999.0  -999.0  -999.0  -999.0  -999.0  -999.0  -999.0
   2 r002          157720.0  442000.0       4.0  -999.0000 -999  -999.0  -999.0  -999.0  -999.0  -999.0  -999.0  -999.0  -999.0  -999.0
   3 r003          158720.0  442000.0       4.0  -999.0000 -999  -999.0  -999.0  -999.0  -999.0  -999.0  -999.0  -999.0  -999.0  -999.0
           2           3
   1 r001          156720.0  442000.0       1.0  -999.0000 -999  -999.0  -999.0  -999.0  -999.0  -999.0  -999.0  -999.0  -999.0  -999.0
   2 r002          157720.0  442000.0       2.0  -999.0000 -999  -999.0  -999.0  -999.0  -999.0  -999.0  -999.0  -999.0  -999.0  -999.0
   3 r003          158720.0  442000.0       3.0  -999.0000 -999  -999.0  -999.0  -999.0  -999.0  -999.0  -999.0  -999.0  -999.0  -999.0
           3           4
   1 aaa           100001.0  442000.0       1.0     0.6370    1   100.0     0.0     0.0     0.0     0.0     0.0     0.0     0.0     0.0
   2 bbb           100002.0  442000.0       2.0     0.6370    2     0.0   100.0     0.0     0.0     0.0     0.0     0.0     0.0     0.0
   3 ccc           100003.0  442000.0       3.0     0.6370    1    50.0    50.0     0.0     0.0     0.0     0.0     0.0     0.0     0.0
   4 ddd           100004.0  442000.0       4.4     0.6370    1     0.0     0.0   100.0     0.0     0.0     0.0     0.0     0.0     0.0
           4           4
   1 aaa           100001.0  442000.0       1.0     0.6370    1   100.0     0.0     0.0     0.0     0.0     0.0     0.0     0.0     0.0
   2 bbb           100002.0  442000.0       2.0     0.6370    2     0.0   100.0     0.0     0.0     0.0     0.0     0.0     0.0     0.0
   3 ccc           100003.0  442000.0       3.0     0.6370    1    50.0    50.0     0.0     0.0     0.0     0.0     0.0     0.0     0.0
   4 ddd           100004.0  442000.0       4.4     0.6370    1     0.0     0.0   100.0     0.0     0.0     0.0     0.0     0.0     0.0
           5          -3
Error reading receptor file
           6           0
Incorrect data format while reading receptor file
           7          -4
Incorrect data format while reading receptor file
           8          -4
Incorrect input for land use percentages in receptorfile; sum of percentages should be between 99 and 101
           9          -4
Error reading receptor file
          10           4
   1 aaa           100001.0  442000.0       1.0     0.6370    1   100.0     0.0     0.0     0.0     0.0     0.0     0.0     0.0     0.0
   2 bbb           100002.0  442000.0       2.0     0.6370    2     0.0   100.0     0.0     0.0     0.0     0.0     0.0     0.0     0.0
   3 ccc           100003.0  442000.0       3.0     0.6370    1    50.0    50.0     0.0     0.0     0.0     0.0     0.0     0.0     0.0
   4 ddd           100004.0  442000.0       4.4     0.6370    1     0.0     0.0   100.0     0.0     0.0     0.0     0.0     0.0     0.0
          11           4
   1 aaa           100001.0  442000.0       1.0     0.6370    1   100.0     0.0     0.0     0.0     0.0     0.0     0.0     0.0     0.0
   2 bbb           100002.0  442000.0       2.0     0.6370    2     0.0   100.0     0.0     0.0     0.0     0.0     0.0     0.0     0.0
   3 ccc           100003.0  442000.0       3.0     0.6370    1    50.0    50.0     0.0     0.0     0.0     0.0     0.0     0.0     0.0
   4 ddd           100004.0  442000.0       4.4     0.6370    1     0.0     0.0   100.0     0.0     0.0     0.0     0.0     0.0     0.0
